This file contains any messages produced by compilers while
running configure, to aid debugging if configure makes a mistake.

It was created by configure, which was
generated by GNU Autoconf 2.61.  Invocation command line was

  $ ./configure -- prefix=/homes/lmfalk/proj2/usr/local --enable-gdb-stub --with-x --with-x11 --with-term --with-nogui

## --------- ##
## Platform. ##
## --------- ##

hostname = selene
uname -m = x86_64
uname -r = 3.10.0-1160.11.1.el7.x86_64
uname -s = Linux
uname -v = #1 SMP Fri Dec 18 16:34:56 UTC 2020

/usr/bin/uname -p = x86_64
/bin/uname -X     = unknown

/bin/arch              = x86_64
/usr/bin/arch -k       = unknown
/usr/convex/getsysinfo = unknown
/usr/bin/hostinfo      = unknown
/bin/machine           = unknown
/usr/bin/oslevel       = unknown
/bin/universe          = unknown

PATH: /homes/lmfalk/proj2/pintos/src/utils
PATH: /homes/lmfalk/proj2/usr/local/bin
PATH: /homes/lmfalk/proj2/pintos/src/utils
PATH: /homes/lmfalk/proj2/usr/local/bin
PATH: /homes/lmfalk/.vscode-server/bin/2b9aebd5354a3629c3aba0a5f5df49f43d6689f8/bin
PATH: /homes/lmfalk/OS-Group-Projects/pintos/src/utils
PATH: /homes/lmfalk/OS-Group-Projects/usr/local/bin
PATH: /homes/lmfalk/.vscode-server/bin/2b9aebd5354a3629c3aba0a5f5df49f43d6689f8/bin
PATH: /homes/lmfalk/OS-Group-Projects/pintos/src/utils
PATH: /homes/lmfalk/OS-Group-Projects/usr/local/bin
PATH: /usr/local/bin
PATH: /usr/bin
PATH: /usr/local/sbin
PATH: /usr/sbin
PATH: /homes/lmfalk/.local/bin
PATH: /homes/lmfalk/bin


## ----------- ##
## Core tests. ##
## ----------- ##

configure:2125: checking build system type
configure:2138: error: /bin/sh ./config.sub --enable-gdb-stub failed

## ---------------- ##
## Cache variables. ##
## ---------------- ##

configure:19: WARNING: Cache variable ac_cv_build contains a newline.
ac_cv_env_CCC_set=
ac_cv_env_CCC_value=
ac_cv_env_CC_set=
ac_cv_env_CC_value=
ac_cv_env_CFLAGS_set=
ac_cv_env_CFLAGS_value=
ac_cv_env_CPPFLAGS_set=
ac_cv_env_CPPFLAGS_value=
ac_cv_env_CPP_set=
ac_cv_env_CPP_value=
ac_cv_env_CXXCPP_set=
ac_cv_env_CXXCPP_value=
ac_cv_env_CXXFLAGS_set=
ac_cv_env_CXXFLAGS_value=
ac_cv_env_CXX_set=
ac_cv_env_CXX_value=
ac_cv_env_F77_set=
ac_cv_env_F77_value=
ac_cv_env_FFLAGS_set=
ac_cv_env_FFLAGS_value=
ac_cv_env_LDFLAGS_set=
ac_cv_env_LDFLAGS_value=
ac_cv_env_LIBS_set=
ac_cv_env_LIBS_value=
ac_cv_env_XMKMF_set=
ac_cv_env_XMKMF_value=
ac_cv_env_build_alias_set=set
ac_cv_env_build_alias_value=--enable-gdb-stub
ac_cv_env_host_alias_set=set
ac_cv_env_host_alias_value=--enable-gdb-stub
ac_cv_env_target_alias_set=set
ac_cv_env_target_alias_value=--enable-gdb-stub

## ----------------- ##
## Output variables. ##
## ----------------- ##

AR=''
BUILD_DOCBOOK_VAR=''
BXIMAGE_LINK_OPTS=''
BX_COMPRESSED_HD_SUPPORT=''
BX_SUPPORT_ACPI=''
BX_USE_IDLE_HACK=''
CC=''
CDROM_OBJS=''
CD_UP_ONE=''
CD_UP_THREE=''
CD_UP_TWO=''
CFLAGS=''
CFP=''
COMMAND_SEPARATOR=''
CPP=''
CPPFLAGS=''
CPP_SUFFIX=''
CXX=''
CXXCPP=''
CXXFLAGS=''
CXXFP=''
DASH=''
DEBUGGER_VAR=''
DEFINE_PLUGIN_PATH=''
DEFS=''
DEPMOD=''
DEVICE_LINK_OPTS=''
DIALOG_OBJS=''
DISASM_VAR=''
DOCBOOK2HTML=''
ECHO='echo'
ECHO_C=''
ECHO_N='-n'
ECHO_T=''
EGREP=''
ENH_DBG_OBJS=''
EXE=''
EXEEXT=''
EXPORT_DYNAMIC=''
EXTERNAL_DEPENDENCY=''
EXTRA_BX_OBJS=''
EXTRA_LINK_OPTS=''
F77=''
FFLAGS=''
FPU_VAR=''
GAME_OBJS=''
GDBSTUB_VAR=''
GREP=''
GUI_CFLAGS=''
GUI_CXXFLAGS=''
GUI_LINK_OPTS=''
GUI_LINK_OPTS_TERM=''
GUI_LINK_OPTS_WX=''
GUI_NON_PLUGIN_OBJS=''
GUI_OBJS=''
GUI_PLUGIN_OBJS=''
GZIP=''
INLINE_VAR=''
INSMOD=''
INSTALL_DOCBOOK_VAR=''
INSTALL_LIST_FOR_PLATFORM=''
INSTALL_PLUGINS_VAR=''
INSTALL_TARGET=''
INSTRUMENT_DIR=''
INSTRUMENT_VAR=''
IODEBUG_OBJS=''
IODEV_LIB_VAR=''
IODEV_NON_PLUGIN_OBJS=''
IODEV_PLUGIN_OBJS=''
KERNELDIR=''
KERNEL_MODULE_SUFFIX=''
LDFLAGS=''
LIBADD_DL=''
LIBOBJS=''
LIBS=''
LIBTOOL=''
LINK=''
LINK_CONSOLE=''
LN_S=''
LSMOD=''
LTLIBOBJS=''
MAKELIB=''
NE2K_OBJS=''
NETLOW_OBJS=''
NONINLINE_VAR=''
NONPLUGIN_GUI_LINK_OPTS=''
OBJEXT=''
OBJS64=''
OFP=''
PACKAGE_BUGREPORT=''
PACKAGE_NAME=''
PACKAGE_STRING=''
PACKAGE_TARNAME=''
PACKAGE_VERSION=''
PATH_SEPARATOR=':'
PCIDEV_MODULE_MAKE_ALL=''
PCI_OBJ=''
PLUGIN_LIBNAME_TRANSFORMATION=''
PLUGIN_TARGET=''
PLUGIN_VAR=''
PRIMARY_TARGET=''
PTHREAD_CC=''
PTHREAD_CFLAGS=''
PTHREAD_LIBS=''
RANLIB=''
RC_CMD=''
READLINE_LIB=''
REL_STRING='Build from CVS snapshot, on April 25, 2010'
RFB_LIBS=''
RMCOMMAND=''
RMMOD=''
SB16_OBJS=''
SCSI_OBJS=''
SET_MAKE=''
SHELL='/bin/sh'
SLASH=''
SOUNDLOW_OBJS=''
SOUND_LINK_OPTS=''
STRIP=''
SUFFIX_LINE=''
TAR=''
TOOLKIT_CXXFLAGS=''
USBDEV_OBJS=''
VERSION='2.4.5'
VER_STRING='2.4.5'
WGET=''
WIN_VER_STRING='2, 4, 5, 0'
WX_CFLAGS=''
WX_CONFIG=''
WX_CXXFLAGS=''
XMKMF=''
XPM_LIB=''
X_CFLAGS=''
X_EXTRA_LIBS=''
X_LIBS=''
X_PRE_LIBS=''
ac_ct_CC=''
ac_ct_CXX=''
ac_ct_F77=''
bindir='${exec_prefix}/bin'
build='--enable-gdb-stub'
build_alias='--enable-gdb-stub'
build_cpu=''
build_os=''
build_vendor=''
datadir='${datarootdir}'
datarootdir='${prefix}/share'
docdir='${datarootdir}/doc/${PACKAGE}'
dvidir='${docdir}'
exec_prefix='NONE'
host='--enable-gdb-stub'
host_alias='--enable-gdb-stub'
host_cpu=''
host_os=''
host_vendor=''
htmldir='${docdir}'
includedir='${prefix}/include'
infodir='${datarootdir}/info'
libdir='${exec_prefix}/lib'
libexecdir='${exec_prefix}/libexec'
localedir='${datarootdir}/locale'
localstatedir='${prefix}/var'
mandir='${datarootdir}/man'
oldincludedir='/usr/include'
pdfdir='${docdir}'
prefix='/homes/lmfalk/proj2/usr/local'
program_transform_name='s,x,x,'
psdir='${docdir}'
sbindir='${exec_prefix}/sbin'
sharedstatedir='${prefix}/com'
sysconfdir='${prefix}/etc'
target='--enable-gdb-stub'
target_alias='--enable-gdb-stub'
target_cpu=''
target_os=''
target_vendor=''

## ----------- ##
## confdefs.h. ##
## ----------- ##

#define PACKAGE_NAME ""
#define PACKAGE_TARNAME ""
#define PACKAGE_VERSION ""
#define PACKAGE_STRING ""
#define PACKAGE_BUGREPORT ""

configure: exit 1
